<?xml version="1.0" encoding="UTF-8"?>
<!-- Generated by org.testng.reporters.JUnitReportReporter -->
<testsuite hostname="LAPTOP-58KVVUOH" failures="0" tests="3" name="com.testPack.SampleProject4.GoogleHomePage" time="1.790" errors="0" timestamp="2024-03-28T00:58:38 IST" skipped="1">
  <testcase classname="com.testPack.SampleProject4.GoogleHomePage" name="enterTextToSearch" time="1.789"/>
  <system-out/>
  <testcase classname="com.testPack.SampleProject4.GoogleHomePage" name="verifyImagesLink" time="0.001"/>
  <system-out/>
  <testcase classname="com.testPack.SampleProject4.GoogleHomePage" name="verifyGmailLink">
    <skipped/>
  </testcase> <!-- verifyGmailLink -->
  <system-out/>
</testsuite> <!-- com.testPack.SampleProject4.GoogleHomePage -->
