<?xml version="1.0" encoding="UTF-8"?>
<!-- Generated by org.testng.reporters.JUnitReportReporter -->
<testsuite hostname="LAPTOP-58KVVUOH" failures="0" tests="1" name="com.testPack.SampleProject4.TestNGClass" time="0.014" errors="0" timestamp="2024-03-28T01:53:55 IST" skipped="0">
  <testcase classname="com.testPack.SampleProject4.TestNGClass" name="verifyTitle" time="0.014"/>
</testsuite> <!-- com.testPack.SampleProject4.TestNGClass -->
