<?xml version="1.0" encoding="UTF-8"?>
<!-- Generated by org.testng.reporters.JUnitReportReporter -->
<testsuite hostname="LAPTOP-58KVVUOH" failures="0" tests="1" name="com.testPack.SampleProject4.TestNGClass" time="0.073" errors="0" timestamp="2024-04-05T04:07:03 IST" skipped="0">
  <testcase classname="com.testPack.SampleProject4.TestNGClass" name="verifyTitle" time="0.073"/>
</testsuite> <!-- com.testPack.SampleProject4.TestNGClass -->
